0 info it worked if it ends with ok
1 verbose cli [ 'c:\\Program Files\\nodejs\\node.exe',
1 verbose cli   'c:\\Program Files\\nodejs\\node_modules\\npm\\bin\\npm-cli.js',
1 verbose cli   'i',
1 verbose cli   '-g',
1 verbose cli   'git+ssh://git@github.com:mingvase/mocha.git' ]
2 info using npm@2.1.6
3 info using node@v0.10.32
4 silly cache add args [ 'git+ssh://git@github.com:mingvase/mocha.git', null ]
5 verbose cache add spec git+ssh://git@github.com:mingvase/mocha.git
6 silly cache add parsed spec { raw: 'git+ssh://git@github.com:mingvase/mocha.git',
6 silly cache add   scope: null,
6 silly cache add   name: null,
6 silly cache add   rawSpec: 'git+ssh://git@github.com:mingvase/mocha.git',
6 silly cache add   spec: 'ssh://git@github.com:mingvase/mocha.git',
6 silly cache add   type: 'git' }
7 verbose addRemoteGit u="ssh://git@github.com:mingvase/mocha.git" silent=false
8 silly addRemoteGit parsed { protocol: 'ssh:',
8 silly addRemoteGit   slashes: true,
8 silly addRemoteGit   auth: 'git',
8 silly addRemoteGit   host: 'github.com',
8 silly addRemoteGit   port: null,
8 silly addRemoteGit   hostname: 'github.com',
8 silly addRemoteGit   hash: null,
8 silly addRemoteGit   search: '',
8 silly addRemoteGit   query: {},
8 silly addRemoteGit   pathname: '/:mingvase/mocha.git',
8 silly addRemoteGit   path: '/:mingvase/mocha.git',
8 silly addRemoteGit   href: 'ssh://git@github.com/:mingvase/mocha.git' }
9 verbose addRemoteGit git@github.com:mingvase/mocha.git not in flight; cloning
10 verbose addRemoteGit [ 'git@github.com:mingvase/mocha.git', 'master' ]
11 info git [ 'clone',
11 info git   '--template=C:\\Users\\jgreenwood\\AppData\\Roaming\\npm-cache\\_git_remotes\\_templates',
11 info git   '--mirror',
11 info git   'git@github.com:mingvase/mocha.git',
11 info git   'C:\\Users\\jgreenwood\\AppData\\Roaming\\npm-cache\\_git-remotes\\git-github-com-mingvase-mocha-git-fd67333e' ]
12 verbose git clone git@github.com:mingvase/mocha.git Cloning into bare repository 'C:\Users\jgreenwood\AppData\Roaming\npm-cache\_git-remotes\git-github-com-mingvase-mocha-git-fd67333e'...
12 verbose git clone git@github.com:mingvase/mocha.git warning: templates not found C:\Users\jgreenwood\AppData\Roaming\npm-cache\_git_remotes\_templates
13 info git [ 'fetch', '-a', 'origin' ]
14 verbose git fetch -a origin (git@github.com:mingvase/mocha.git)
15 silly verifyOwnership skipping for windows
16 info git [ 'rev-list', '-n1', 'master' ]
17 verbose git rev-list -n1 master 9f860c2d18be2bca23e73538423beca2bc122e8d
18 verbose resolved git url git+ssh://git@github.com:mingvase/mocha.git#9f860c2d18be2bca23e73538423beca2bc122e8d
19 info git [ 'archive', 'master', '--format=tar', '--prefix=package/' ]
20 silly addLocalTarball shasum (computed) ae914d4c64632b9a6f6abbd375799e219cd33684
21 verbose addTmpTarball C:\Users\JGREEN~1\AppData\Local\Temp\npm-3904-7f9e84a6\1435836569756-0.20322439912706614\tmp.tgz not in flight; adding
22 verbose addTmpTarball validating metadata from C:\Users\JGREEN~1\AppData\Local\Temp\npm-3904-7f9e84a6\1435836569756-0.20322439912706614\tmp.tgz
23 verbose tar unpack C:\Users\JGREEN~1\AppData\Local\Temp\npm-3904-7f9e84a6\1435836569756-0.20322439912706614\tmp.tgz
24 verbose tar unpacking to C:\Users\JGREEN~1\AppData\Local\Temp\npm-3904-7f9e84a6\unpack-ec0d91d8a7f0
25 verbose gentlyRm vacuuming C:\Users\JGREEN~1\AppData\Local\Temp\npm-3904-7f9e84a6\unpack-ec0d91d8a7f0
26 silly gunzTarPerm modes [ '777', '666' ]
27 silly gunzTarPerm extractEntry
28 silly gunzTarPerm modified mode [ '', 509, 511 ]
29 silly gunzTarPerm extractEntry .editorconfig
30 silly gunzTarPerm modified mode [ '.editorconfig', 436, 438 ]
31 silly gunzTarPerm extractEntry .gitignore
32 silly gunzTarPerm modified mode [ '.gitignore', 436, 438 ]
33 silly gunzTarPerm extractEntry .mailmap
34 silly gunzTarPerm modified mode [ '.mailmap', 436, 438 ]
35 silly gunzTarPerm extractEntry .travis.yml
36 silly gunzTarPerm modified mode [ '.travis.yml', 436, 438 ]
37 silly gunzTarPerm extractEntry CONTRIBUTING.md
38 silly gunzTarPerm modified mode [ 'CONTRIBUTING.md', 436, 438 ]
39 silly gunzTarPerm extractEntry HISTORY.md
40 silly gunzTarPerm modified mode [ 'HISTORY.md', 436, 438 ]
41 silly gunzTarPerm extractEntry LICENSE
42 silly gunzTarPerm modified mode [ 'LICENSE', 436, 438 ]
43 silly gunzTarPerm extractEntry Makefile
44 silly gunzTarPerm modified mode [ 'Makefile', 436, 438 ]
45 silly gunzTarPerm extractEntry README.md
46 silly gunzTarPerm modified mode [ 'README.md', 436, 438 ]
47 silly gunzTarPerm extractEntry bin/
48 silly gunzTarPerm modified mode [ 'bin/', 509, 511 ]
49 silly gunzTarPerm extractEntry bin/_mocha
50 silly gunzTarPerm modified mode [ 'bin/_mocha', 509, 511 ]
51 silly gunzTarPerm extractEntry bin/mocha
52 silly gunzTarPerm modified mode [ 'bin/mocha', 509, 511 ]
53 silly gunzTarPerm extractEntry bin/options.js
54 silly gunzTarPerm modified mode [ 'bin/options.js', 436, 438 ]
55 silly gunzTarPerm extractEntry bower.json
56 silly gunzTarPerm modified mode [ 'bower.json', 436, 438 ]
57 silly gunzTarPerm extractEntry component.json
58 silly gunzTarPerm modified mode [ 'component.json', 436, 438 ]
59 silly gunzTarPerm extractEntry editors/
60 silly gunzTarPerm modified mode [ 'editors/', 509, 511 ]
61 silly gunzTarPerm extractEntry editors/JavaScript mocha.tmbundle/
62 silly gunzTarPerm modified mode [ 'editors/JavaScript mocha.tmbundle/', 509, 511 ]
63 silly gunzTarPerm extractEntry editors/JavaScript mocha.tmbundle/Snippets/
64 silly gunzTarPerm modified mode [ 'editors/JavaScript mocha.tmbundle/Snippets/', 509, 511 ]
65 silly gunzTarPerm extractEntry editors/JavaScript mocha.tmbundle/Snippets/bdd - after each.tmSnippet
66 silly gunzTarPerm modified mode [ 'editors/JavaScript mocha.tmbundle/Snippets/bdd - after each.tmSnippet',
66 silly gunzTarPerm   436,
66 silly gunzTarPerm   438 ]
67 silly gunzTarPerm extractEntry editors/JavaScript mocha.tmbundle/Snippets/bdd - after.tmSnippet
68 silly gunzTarPerm modified mode [ 'editors/JavaScript mocha.tmbundle/Snippets/bdd - after.tmSnippet',
68 silly gunzTarPerm   436,
68 silly gunzTarPerm   438 ]
69 silly gunzTarPerm extractEntry editors/JavaScript mocha.tmbundle/Snippets/bdd - before each.tmSnippet
70 silly gunzTarPerm modified mode [ 'editors/JavaScript mocha.tmbundle/Snippets/bdd - before each.tmSnippet',
70 silly gunzTarPerm   436,
70 silly gunzTarPerm   438 ]
71 silly gunzTarPerm extractEntry editors/JavaScript mocha.tmbundle/Snippets/bdd - before.tmSnippet
72 silly gunzTarPerm modified mode [ 'editors/JavaScript mocha.tmbundle/Snippets/bdd - before.tmSnippet',
72 silly gunzTarPerm   436,
72 silly gunzTarPerm   438 ]
73 silly gunzTarPerm extractEntry editors/JavaScript mocha.tmbundle/Snippets/bdd - describe.tmSnippet
74 silly gunzTarPerm modified mode [ 'editors/JavaScript mocha.tmbundle/Snippets/bdd - describe.tmSnippet',
74 silly gunzTarPerm   436,
74 silly gunzTarPerm   438 ]
75 silly gunzTarPerm extractEntry editors/JavaScript mocha.tmbundle/Snippets/bdd - it.tmSnippet
76 silly gunzTarPerm modified mode [ 'editors/JavaScript mocha.tmbundle/Snippets/bdd - it.tmSnippet',
76 silly gunzTarPerm   436,
76 silly gunzTarPerm   438 ]
77 silly gunzTarPerm extractEntry editors/JavaScript mocha.tmbundle/Snippets/tdd - assert.tmSnippet
78 silly gunzTarPerm modified mode [ 'editors/JavaScript mocha.tmbundle/Snippets/tdd - assert.tmSnippet',
78 silly gunzTarPerm   436,
78 silly gunzTarPerm   438 ]
79 silly gunzTarPerm extractEntry editors/JavaScript mocha.tmbundle/Snippets/tdd - assert_deepEqual.tmSnippet
80 silly gunzTarPerm modified mode [ 'editors/JavaScript mocha.tmbundle/Snippets/tdd - assert_deepEqual.tmSnippet',
80 silly gunzTarPerm   436,
80 silly gunzTarPerm   438 ]
81 silly gunzTarPerm extractEntry editors/JavaScript mocha.tmbundle/Snippets/tdd - assert_equal.tmSnippet
82 silly gunzTarPerm modified mode [ 'editors/JavaScript mocha.tmbundle/Snippets/tdd - assert_equal.tmSnippet',
82 silly gunzTarPerm   436,
82 silly gunzTarPerm   438 ]
83 silly gunzTarPerm extractEntry editors/JavaScript mocha.tmbundle/Snippets/tdd - assert_fail.tmSnippet
84 silly gunzTarPerm modified mode [ 'editors/JavaScript mocha.tmbundle/Snippets/tdd - assert_fail.tmSnippet',
84 silly gunzTarPerm   436,
84 silly gunzTarPerm   438 ]
85 silly gunzTarPerm extractEntry editors/JavaScript mocha.tmbundle/Snippets/tdd - assert_isFunction.tmSnippet
86 silly gunzTarPerm modified mode [ 'editors/JavaScript mocha.tmbundle/Snippets/tdd - assert_isFunction.tmSnippet',
86 silly gunzTarPerm   436,
86 silly gunzTarPerm   438 ]
87 silly gunzTarPerm extractEntry editors/JavaScript mocha.tmbundle/Snippets/tdd - setup.tmSnippet
88 silly gunzTarPerm modified mode [ 'editors/JavaScript mocha.tmbundle/Snippets/tdd - setup.tmSnippet',
88 silly gunzTarPerm   436,
88 silly gunzTarPerm   438 ]
89 silly gunzTarPerm extractEntry editors/JavaScript mocha.tmbundle/Snippets/tdd - suite.tmSnippet
90 silly gunzTarPerm modified mode [ 'editors/JavaScript mocha.tmbundle/Snippets/tdd - suite.tmSnippet',
90 silly gunzTarPerm   436,
90 silly gunzTarPerm   438 ]
91 silly gunzTarPerm extractEntry editors/JavaScript mocha.tmbundle/Snippets/tdd - teardown.tmSnippet
92 silly gunzTarPerm modified mode [ 'editors/JavaScript mocha.tmbundle/Snippets/tdd - teardown.tmSnippet',
92 silly gunzTarPerm   436,
92 silly gunzTarPerm   438 ]
93 silly gunzTarPerm extractEntry editors/JavaScript mocha.tmbundle/Snippets/tdd - test.tmSnippet
94 silly gunzTarPerm modified mode [ 'editors/JavaScript mocha.tmbundle/Snippets/tdd - test.tmSnippet',
94 silly gunzTarPerm   436,
94 silly gunzTarPerm   438 ]
95 silly gunzTarPerm extractEntry editors/JavaScript mocha.tmbundle/info.plist
96 silly gunzTarPerm modified mode [ 'editors/JavaScript mocha.tmbundle/info.plist', 436, 438 ]
97 silly gunzTarPerm extractEntry images/
98 silly gunzTarPerm modified mode [ 'images/', 509, 511 ]
99 silly gunzTarPerm extractEntry images/error.png
100 silly gunzTarPerm modified mode [ 'images/error.png', 436, 438 ]
101 silly gunzTarPerm extractEntry images/ok.png
102 silly gunzTarPerm modified mode [ 'images/ok.png', 436, 438 ]
103 silly gunzTarPerm extractEntry index.js
104 silly gunzTarPerm modified mode [ 'index.js', 436, 438 ]
105 silly gunzTarPerm extractEntry lib/
106 silly gunzTarPerm modified mode [ 'lib/', 509, 511 ]
107 silly gunzTarPerm extractEntry lib/browser/
108 silly gunzTarPerm modified mode [ 'lib/browser/', 509, 511 ]
109 silly gunzTarPerm extractEntry lib/browser/debug.js
110 silly gunzTarPerm modified mode [ 'lib/browser/debug.js', 436, 438 ]
111 silly gunzTarPerm extractEntry lib/browser/escape-string-regexp.js
112 silly gunzTarPerm modified mode [ 'lib/browser/escape-string-regexp.js', 436, 438 ]
113 silly gunzTarPerm extractEntry lib/browser/events.js
114 silly gunzTarPerm modified mode [ 'lib/browser/events.js', 436, 438 ]
115 silly gunzTarPerm extractEntry lib/browser/fs.js
116 silly gunzTarPerm modified mode [ 'lib/browser/fs.js', 436, 438 ]
117 silly gunzTarPerm extractEntry lib/browser/glob.js
118 silly gunzTarPerm modified mode [ 'lib/browser/glob.js', 436, 438 ]
119 silly gunzTarPerm extractEntry lib/browser/path.js
120 silly gunzTarPerm modified mode [ 'lib/browser/path.js', 436, 438 ]
121 silly gunzTarPerm extractEntry lib/browser/progress.js
122 silly gunzTarPerm modified mode [ 'lib/browser/progress.js', 436, 438 ]
123 silly gunzTarPerm extractEntry lib/browser/tty.js
124 silly gunzTarPerm modified mode [ 'lib/browser/tty.js', 436, 438 ]
125 silly gunzTarPerm extractEntry lib/context.js
126 silly gunzTarPerm modified mode [ 'lib/context.js', 436, 438 ]
127 silly gunzTarPerm extractEntry lib/hook.js
128 silly gunzTarPerm modified mode [ 'lib/hook.js', 436, 438 ]
129 silly gunzTarPerm extractEntry lib/interfaces/
130 silly gunzTarPerm modified mode [ 'lib/interfaces/', 509, 511 ]
131 silly gunzTarPerm extractEntry lib/interfaces/bdd.js
132 silly gunzTarPerm modified mode [ 'lib/interfaces/bdd.js', 436, 438 ]
133 silly gunzTarPerm extractEntry lib/interfaces/common.js
134 silly gunzTarPerm modified mode [ 'lib/interfaces/common.js', 436, 438 ]
135 silly gunzTarPerm extractEntry lib/interfaces/exports.js
136 silly gunzTarPerm modified mode [ 'lib/interfaces/exports.js', 436, 438 ]
137 silly gunzTarPerm extractEntry lib/interfaces/index.js
138 silly gunzTarPerm modified mode [ 'lib/interfaces/index.js', 436, 438 ]
139 silly gunzTarPerm extractEntry lib/interfaces/qunit.js
140 silly gunzTarPerm modified mode [ 'lib/interfaces/qunit.js', 436, 438 ]
141 silly gunzTarPerm extractEntry lib/interfaces/tdd.js
142 silly gunzTarPerm modified mode [ 'lib/interfaces/tdd.js', 436, 438 ]
143 silly gunzTarPerm extractEntry lib/mocha.js
144 silly gunzTarPerm modified mode [ 'lib/mocha.js', 436, 438 ]
145 silly gunzTarPerm extractEntry lib/ms.js
146 silly gunzTarPerm modified mode [ 'lib/ms.js', 436, 438 ]
147 silly gunzTarPerm extractEntry lib/pending.js
148 silly gunzTarPerm modified mode [ 'lib/pending.js', 436, 438 ]
149 silly gunzTarPerm extractEntry lib/reporters/
150 silly gunzTarPerm modified mode [ 'lib/reporters/', 509, 511 ]
151 silly gunzTarPerm extractEntry lib/reporters/base.js
152 silly gunzTarPerm modified mode [ 'lib/reporters/base.js', 436, 438 ]
153 silly gunzTarPerm extractEntry lib/reporters/doc.js
154 silly gunzTarPerm modified mode [ 'lib/reporters/doc.js', 436, 438 ]
155 silly gunzTarPerm extractEntry lib/reporters/dot.js
156 silly gunzTarPerm modified mode [ 'lib/reporters/dot.js', 436, 438 ]
157 silly gunzTarPerm extractEntry lib/reporters/html-cov.js
158 silly gunzTarPerm modified mode [ 'lib/reporters/html-cov.js', 436, 438 ]
159 silly gunzTarPerm extractEntry lib/reporters/html.js
160 silly gunzTarPerm modified mode [ 'lib/reporters/html.js', 436, 438 ]
161 silly gunzTarPerm extractEntry lib/reporters/index.js
162 silly gunzTarPerm modified mode [ 'lib/reporters/index.js', 436, 438 ]
163 silly gunzTarPerm extractEntry lib/reporters/json-cov.js
164 silly gunzTarPerm modified mode [ 'lib/reporters/json-cov.js', 436, 438 ]
165 silly gunzTarPerm extractEntry lib/reporters/json-stream.js
166 silly gunzTarPerm modified mode [ 'lib/reporters/json-stream.js', 436, 438 ]
167 silly gunzTarPerm extractEntry lib/reporters/json.js
168 silly gunzTarPerm modified mode [ 'lib/reporters/json.js', 436, 438 ]
169 silly gunzTarPerm extractEntry lib/reporters/landing.js
170 silly gunzTarPerm modified mode [ 'lib/reporters/landing.js', 436, 438 ]
171 silly gunzTarPerm extractEntry lib/reporters/list.js
172 silly gunzTarPerm modified mode [ 'lib/reporters/list.js', 436, 438 ]
173 silly gunzTarPerm extractEntry lib/reporters/markdown.js
174 silly gunzTarPerm modified mode [ 'lib/reporters/markdown.js', 436, 438 ]
175 silly gunzTarPerm extractEntry lib/reporters/min.js
176 silly gunzTarPerm modified mode [ 'lib/reporters/min.js', 436, 438 ]
177 silly gunzTarPerm extractEntry lib/reporters/nyan.js
178 silly gunzTarPerm modified mode [ 'lib/reporters/nyan.js', 436, 438 ]
179 silly gunzTarPerm extractEntry lib/reporters/progress.js
180 silly gunzTarPerm modified mode [ 'lib/reporters/progress.js', 436, 438 ]
181 silly gunzTarPerm extractEntry lib/reporters/spec.js
182 silly gunzTarPerm modified mode [ 'lib/reporters/spec.js', 436, 438 ]
183 silly gunzTarPerm extractEntry lib/reporters/tap.js
184 silly gunzTarPerm modified mode [ 'lib/reporters/tap.js', 436, 438 ]
185 silly gunzTarPerm extractEntry lib/reporters/templates/
186 silly gunzTarPerm modified mode [ 'lib/reporters/templates/', 509, 511 ]
187 silly gunzTarPerm extractEntry lib/reporters/templates/coverage.jade
188 silly gunzTarPerm modified mode [ 'lib/reporters/templates/coverage.jade', 436, 438 ]
189 silly gunzTarPerm extractEntry lib/reporters/templates/menu.jade
190 silly gunzTarPerm modified mode [ 'lib/reporters/templates/menu.jade', 436, 438 ]
191 silly gunzTarPerm extractEntry lib/reporters/templates/script.html
192 silly gunzTarPerm modified mode [ 'lib/reporters/templates/script.html', 436, 438 ]
193 silly gunzTarPerm extractEntry lib/reporters/templates/style.html
194 silly gunzTarPerm modified mode [ 'lib/reporters/templates/style.html', 436, 438 ]
195 silly gunzTarPerm extractEntry lib/reporters/xunit.js
196 silly gunzTarPerm modified mode [ 'lib/reporters/xunit.js', 436, 438 ]
197 silly gunzTarPerm extractEntry lib/runnable.js
198 silly gunzTarPerm modified mode [ 'lib/runnable.js', 436, 438 ]
199 silly gunzTarPerm extractEntry lib/runner.js
200 silly gunzTarPerm modified mode [ 'lib/runner.js', 436, 438 ]
201 silly gunzTarPerm extractEntry lib/suite.js
202 silly gunzTarPerm modified mode [ 'lib/suite.js', 436, 438 ]
203 silly gunzTarPerm extractEntry lib/template.html
204 silly gunzTarPerm modified mode [ 'lib/template.html', 436, 438 ]
205 silly gunzTarPerm extractEntry lib/test.js
206 silly gunzTarPerm modified mode [ 'lib/test.js', 436, 438 ]
207 silly gunzTarPerm extractEntry lib/utils.js
208 silly gunzTarPerm modified mode [ 'lib/utils.js', 436, 438 ]
209 silly gunzTarPerm extractEntry media/
210 silly gunzTarPerm modified mode [ 'media/', 509, 511 ]
211 silly gunzTarPerm extractEntry media/logo.svg
212 silly gunzTarPerm modified mode [ 'media/logo.svg', 436, 438 ]
213 silly gunzTarPerm extractEntry mocha.css
214 silly gunzTarPerm modified mode [ 'mocha.css', 436, 438 ]
215 silly gunzTarPerm extractEntry mocha.js
216 silly gunzTarPerm modified mode [ 'mocha.js', 436, 438 ]
217 silly gunzTarPerm extractEntry package.json
218 silly gunzTarPerm modified mode [ 'package.json', 436, 438 ]
219 silly gunzTarPerm extractEntry support/
220 silly gunzTarPerm modified mode [ 'support/', 509, 511 ]
221 silly gunzTarPerm extractEntry support/compile.js
222 silly gunzTarPerm modified mode [ 'support/compile.js', 436, 438 ]
223 silly gunzTarPerm extractEntry support/foot.js
224 silly gunzTarPerm modified mode [ 'support/foot.js', 436, 438 ]
225 silly gunzTarPerm extractEntry support/head.js
226 silly gunzTarPerm modified mode [ 'support/head.js', 436, 438 ]
227 silly gunzTarPerm extractEntry support/tail.js
228 silly gunzTarPerm modified mode [ 'support/tail.js', 436, 438 ]
229 silly gunzTarPerm extractEntry test/
230 silly gunzTarPerm modified mode [ 'test/', 509, 511 ]
231 silly gunzTarPerm extractEntry test/acceptance/
232 silly gunzTarPerm modified mode [ 'test/acceptance/', 509, 511 ]
233 silly gunzTarPerm extractEntry test/acceptance/context.js
234 silly gunzTarPerm modified mode [ 'test/acceptance/context.js', 436, 438 ]
235 silly gunzTarPerm extractEntry test/acceptance/duration.js
236 silly gunzTarPerm modified mode [ 'test/acceptance/duration.js', 436, 438 ]
237 silly gunzTarPerm extractEntry test/acceptance/fs.js
238 silly gunzTarPerm modified mode [ 'test/acceptance/fs.js', 436, 438 ]
239 silly gunzTarPerm extractEntry test/acceptance/glob/
240 silly gunzTarPerm modified mode [ 'test/acceptance/glob/', 509, 511 ]
241 silly gunzTarPerm extractEntry test/acceptance/glob/glob.js
242 silly gunzTarPerm modified mode [ 'test/acceptance/glob/glob.js', 436, 438 ]
243 silly gunzTarPerm extractEntry test/acceptance/glob/glob.sh
244 silly gunzTarPerm modified mode [ 'test/acceptance/glob/glob.sh', 509, 511 ]
245 silly gunzTarPerm extractEntry test/acceptance/globals.js
246 silly gunzTarPerm modified mode [ 'test/acceptance/globals.js', 436, 438 ]
247 silly gunzTarPerm extractEntry test/acceptance/http.js
248 silly gunzTarPerm modified mode [ 'test/acceptance/http.js', 436, 438 ]
249 silly gunzTarPerm extractEntry test/acceptance/interfaces/
250 silly gunzTarPerm modified mode [ 'test/acceptance/interfaces/', 509, 511 ]
251 silly gunzTarPerm extractEntry test/acceptance/interfaces/bdd.js
252 silly gunzTarPerm modified mode [ 'test/acceptance/interfaces/bdd.js', 436, 438 ]
253 silly gunzTarPerm extractEntry test/acceptance/interfaces/exports.js
254 silly gunzTarPerm modified mode [ 'test/acceptance/interfaces/exports.js', 436, 438 ]
255 silly gunzTarPerm extractEntry test/acceptance/interfaces/qunit.js
256 silly gunzTarPerm modified mode [ 'test/acceptance/interfaces/qunit.js', 436, 438 ]
257 silly gunzTarPerm extractEntry test/acceptance/interfaces/tdd.js
258 silly gunzTarPerm modified mode [ 'test/acceptance/interfaces/tdd.js', 436, 438 ]
259 silly gunzTarPerm extractEntry test/acceptance/misc/
260 silly gunzTarPerm modified mode [ 'test/acceptance/misc/', 509, 511 ]
261 silly gunzTarPerm extractEntry test/acceptance/misc/exit.js
262 silly gunzTarPerm modified mode [ 'test/acceptance/misc/exit.js', 436, 438 ]
263 silly gunzTarPerm extractEntry test/acceptance/misc/many.js
264 silly gunzTarPerm modified mode [ 'test/acceptance/misc/many.js', 436, 438 ]
265 silly gunzTarPerm extractEntry test/acceptance/misc/nontty.js
266 silly gunzTarPerm modified mode [ 'test/acceptance/misc/nontty.js', 436, 438 ]
267 silly gunzTarPerm extractEntry test/acceptance/misc/only/
268 silly gunzTarPerm modified mode [ 'test/acceptance/misc/only/', 509, 511 ]
269 silly gunzTarPerm extractEntry test/acceptance/misc/only/bdd.js
270 silly gunzTarPerm modified mode [ 'test/acceptance/misc/only/bdd.js', 436, 438 ]
271 silly gunzTarPerm extractEntry test/acceptance/misc/only/qunit.js
272 silly gunzTarPerm modified mode [ 'test/acceptance/misc/only/qunit.js', 436, 438 ]
273 silly gunzTarPerm extractEntry test/acceptance/misc/only/tdd.js
274 silly gunzTarPerm modified mode [ 'test/acceptance/misc/only/tdd.js', 436, 438 ]
275 silly gunzTarPerm extractEntry test/acceptance/require/
276 silly gunzTarPerm modified mode [ 'test/acceptance/require/', 509, 511 ]
277 silly gunzTarPerm extractEntry test/acceptance/require/a.js
278 silly gunzTarPerm modified mode [ 'test/acceptance/require/a.js', 436, 438 ]
279 silly gunzTarPerm extractEntry test/acceptance/require/b.coffee
280 silly gunzTarPerm modified mode [ 'test/acceptance/require/b.coffee', 436, 438 ]
281 silly gunzTarPerm extractEntry test/acceptance/require/c.js
282 silly gunzTarPerm modified mode [ 'test/acceptance/require/c.js', 436, 438 ]
283 silly gunzTarPerm extractEntry test/acceptance/require/d.coffee
284 silly gunzTarPerm modified mode [ 'test/acceptance/require/d.coffee', 436, 438 ]
285 silly gunzTarPerm extractEntry test/acceptance/require/require.js
286 silly gunzTarPerm modified mode [ 'test/acceptance/require/require.js', 436, 438 ]
287 silly gunzTarPerm extractEntry test/acceptance/required-tokens.js
288 silly gunzTarPerm modified mode [ 'test/acceptance/required-tokens.js', 436, 438 ]
289 silly gunzTarPerm extractEntry test/acceptance/root.js
290 silly gunzTarPerm modified mode [ 'test/acceptance/root.js', 436, 438 ]
291 silly gunzTarPerm extractEntry test/acceptance/test.coffee
292 silly gunzTarPerm modified mode [ 'test/acceptance/test.coffee', 436, 438 ]
293 silly gunzTarPerm extractEntry test/acceptance/test.foo
294 silly gunzTarPerm modified mode [ 'test/acceptance/test.foo', 436, 438 ]
295 silly gunzTarPerm extractEntry test/acceptance/throw.js
296 silly gunzTarPerm modified mode [ 'test/acceptance/throw.js', 436, 438 ]
297 silly gunzTarPerm extractEntry test/acceptance/timeout.js
298 silly gunzTarPerm modified mode [ 'test/acceptance/timeout.js', 436, 438 ]
299 silly gunzTarPerm extractEntry test/acceptance/utils.js
300 silly gunzTarPerm modified mode [ 'test/acceptance/utils.js', 436, 438 ]
301 silly gunzTarPerm extractEntry test/browser/
302 silly gunzTarPerm modified mode [ 'test/browser/', 509, 511 ]
303 silly gunzTarPerm extractEntry test/browser/array.js
304 silly gunzTarPerm modified mode [ 'test/browser/array.js', 436, 438 ]
305 silly gunzTarPerm extractEntry test/browser/grep.html
306 silly gunzTarPerm modified mode [ 'test/browser/grep.html', 436, 438 ]
307 silly gunzTarPerm extractEntry test/browser/grep.js
308 silly gunzTarPerm modified mode [ 'test/browser/grep.js', 436, 438 ]
309 silly gunzTarPerm extractEntry test/browser/index.html
310 silly gunzTarPerm modified mode [ 'test/browser/index.html', 436, 438 ]
311 silly gunzTarPerm extractEntry test/browser/large.html
312 silly gunzTarPerm modified mode [ 'test/browser/large.html', 436, 438 ]
313 silly gunzTarPerm extractEntry test/browser/large.js
314 silly gunzTarPerm modified mode [ 'test/browser/large.js', 436, 438 ]
315 silly gunzTarPerm extractEntry test/browser/opts.html
316 silly gunzTarPerm modified mode [ 'test/browser/opts.html', 436, 438 ]
317 silly gunzTarPerm extractEntry test/browser/opts.js
318 silly gunzTarPerm modified mode [ 'test/browser/opts.js', 436, 438 ]
319 silly gunzTarPerm extractEntry test/browser/stack-trace.html
320 silly gunzTarPerm modified mode [ 'test/browser/stack-trace.html', 436, 438 ]
321 silly gunzTarPerm extractEntry test/browser/stack-trace.js
322 silly gunzTarPerm modified mode [ 'test/browser/stack-trace.js', 436, 438 ]
323 silly gunzTarPerm extractEntry test/color.js
324 silly gunzTarPerm modified mode [ 'test/color.js', 436, 438 ]
325 silly gunzTarPerm extractEntry test/compiler/
326 silly gunzTarPerm modified mode [ 'test/compiler/', 509, 511 ]
327 silly gunzTarPerm extractEntry test/compiler/foo.js
328 silly gunzTarPerm modified mode [ 'test/compiler/foo.js', 436, 438 ]
329 silly gunzTarPerm extractEntry test/grep.js
330 silly gunzTarPerm modified mode [ 'test/grep.js', 436, 438 ]
331 silly gunzTarPerm extractEntry test/hook.async.js
332 silly gunzTarPerm modified mode [ 'test/hook.async.js', 436, 438 ]
333 silly gunzTarPerm extractEntry test/hook.err.js
334 silly gunzTarPerm modified mode [ 'test/hook.err.js', 436, 438 ]
335 silly gunzTarPerm extractEntry test/hook.sync.js
336 silly gunzTarPerm modified mode [ 'test/hook.sync.js', 436, 438 ]
337 silly gunzTarPerm extractEntry test/hook.sync.nested.js
338 silly gunzTarPerm modified mode [ 'test/hook.sync.nested.js', 436, 438 ]
339 silly gunzTarPerm extractEntry test/hook.timeout.js
340 silly gunzTarPerm modified mode [ 'test/hook.timeout.js', 436, 438 ]
341 silly gunzTarPerm extractEntry test/http.meta.2.js
342 silly gunzTarPerm modified mode [ 'test/http.meta.2.js', 436, 438 ]
343 silly gunzTarPerm extractEntry test/http.meta.js
344 silly gunzTarPerm modified mode [ 'test/http.meta.js', 436, 438 ]
345 silly gunzTarPerm extractEntry test/integration/
346 silly gunzTarPerm modified mode [ 'test/integration/', 509, 511 ]
347 silly gunzTarPerm extractEntry test/integration/diffs.js
348 silly gunzTarPerm modified mode [ 'test/integration/diffs.js', 436, 438 ]
349 silly gunzTarPerm extractEntry test/integration/fixtures/
350 silly gunzTarPerm modified mode [ 'test/integration/fixtures/', 509, 511 ]
351 silly gunzTarPerm extractEntry test/integration/fixtures/cascade.js
352 silly gunzTarPerm modified mode [ 'test/integration/fixtures/cascade.js', 436, 438 ]
353 silly gunzTarPerm extractEntry test/integration/fixtures/diffs/
354 silly gunzTarPerm modified mode [ 'test/integration/fixtures/diffs/', 509, 511 ]
355 silly gunzTarPerm extractEntry test/integration/fixtures/diffs/diffs.css.in
356 silly gunzTarPerm modified mode [ 'test/integration/fixtures/diffs/diffs.css.in', 436, 438 ]
357 silly gunzTarPerm extractEntry test/integration/fixtures/diffs/diffs.css.out
358 silly gunzTarPerm modified mode [ 'test/integration/fixtures/diffs/diffs.css.out', 436, 438 ]
359 silly gunzTarPerm extractEntry test/integration/fixtures/diffs/diffs.js
360 silly gunzTarPerm modified mode [ 'test/integration/fixtures/diffs/diffs.js', 436, 438 ]
361 silly gunzTarPerm extractEntry test/integration/fixtures/diffs/output
362 silly gunzTarPerm modified mode [ 'test/integration/fixtures/diffs/output', 436, 438 ]
363 silly gunzTarPerm extractEntry test/integration/fixtures/multiple.done.js
364 silly gunzTarPerm modified mode [ 'test/integration/fixtures/multiple.done.js', 436, 438 ]
365 silly gunzTarPerm extractEntry test/integration/fixtures/options/
366 silly gunzTarPerm modified mode [ 'test/integration/fixtures/options/', 509, 511 ]
367 silly gunzTarPerm extractEntry test/integration/fixtures/options/async-only.async.js
368 silly gunzTarPerm modified mode [ 'test/integration/fixtures/options/async-only.async.js',
368 silly gunzTarPerm   436,
368 silly gunzTarPerm   438 ]
369 silly gunzTarPerm extractEntry test/integration/fixtures/options/async-only.sync.js
370 silly gunzTarPerm modified mode [ 'test/integration/fixtures/options/async-only.sync.js',
370 silly gunzTarPerm   436,
370 silly gunzTarPerm   438 ]
371 silly gunzTarPerm extractEntry test/integration/fixtures/options/bail.js
372 silly gunzTarPerm modified mode [ 'test/integration/fixtures/options/bail.js', 436, 438 ]
373 silly gunzTarPerm extractEntry test/integration/fixtures/options/delay.js
374 silly gunzTarPerm modified mode [ 'test/integration/fixtures/options/delay.js', 436, 438 ]
375 silly gunzTarPerm extractEntry test/integration/fixtures/options/grep.js
376 silly gunzTarPerm modified mode [ 'test/integration/fixtures/options/grep.js', 436, 438 ]
377 silly gunzTarPerm extractEntry test/integration/fixtures/options/sort.alpha.js
378 silly gunzTarPerm modified mode [ 'test/integration/fixtures/options/sort.alpha.js', 436, 438 ]
379 silly gunzTarPerm extractEntry test/integration/fixtures/options/sort.beta.js
380 silly gunzTarPerm modified mode [ 'test/integration/fixtures/options/sort.beta.js', 436, 438 ]
381 silly gunzTarPerm extractEntry test/integration/fixtures/pending/
382 silly gunzTarPerm modified mode [ 'test/integration/fixtures/pending/', 509, 511 ]
383 silly gunzTarPerm extractEntry test/integration/fixtures/pending/skip.sync.before.js
384 silly gunzTarPerm modified mode [ 'test/integration/fixtures/pending/skip.sync.before.js',
384 silly gunzTarPerm   436,
384 silly gunzTarPerm   438 ]
385 silly gunzTarPerm extractEntry test/integration/fixtures/pending/skip.sync.beforeEach.js
386 silly gunzTarPerm modified mode [ 'test/integration/fixtures/pending/skip.sync.beforeEach.js',
386 silly gunzTarPerm   436,
386 silly gunzTarPerm   438 ]
387 silly gunzTarPerm extractEntry test/integration/fixtures/pending/skip.sync.spec.js
388 silly gunzTarPerm modified mode [ 'test/integration/fixtures/pending/skip.sync.spec.js',
388 silly gunzTarPerm   436,
388 silly gunzTarPerm   438 ]
389 silly gunzTarPerm extractEntry test/integration/fixtures/pending/spec.js
390 silly gunzTarPerm modified mode [ 'test/integration/fixtures/pending/spec.js', 436, 438 ]
391 silly gunzTarPerm extractEntry test/integration/fixtures/regression/
392 silly gunzTarPerm modified mode [ 'test/integration/fixtures/regression/', 509, 511 ]
393 silly gunzTarPerm extractEntry test/integration/fixtures/regression/issue-1327.js
394 silly gunzTarPerm modified mode [ 'test/integration/fixtures/regression/issue-1327.js',
394 silly gunzTarPerm   436,
394 silly gunzTarPerm   438 ]
395 silly gunzTarPerm extractEntry test/integration/fixtures/timeout.js
396 silly gunzTarPerm modified mode [ 'test/integration/fixtures/timeout.js', 436, 438 ]
397 silly gunzTarPerm extractEntry test/integration/fixtures/uncaught.hook.js
398 silly gunzTarPerm modified mode [ 'test/integration/fixtures/uncaught.hook.js', 436, 438 ]
399 silly gunzTarPerm extractEntry test/integration/fixtures/uncaught.js
400 silly gunzTarPerm modified mode [ 'test/integration/fixtures/uncaught.js', 436, 438 ]
401 silly gunzTarPerm extractEntry test/integration/helpers.js
402 silly gunzTarPerm modified mode [ 'test/integration/helpers.js', 436, 438 ]
403 silly gunzTarPerm extractEntry test/integration/hooks.js
404 silly gunzTarPerm modified mode [ 'test/integration/hooks.js', 436, 438 ]
405 silly gunzTarPerm extractEntry test/integration/multiple.done.js
406 silly gunzTarPerm modified mode [ 'test/integration/multiple.done.js', 436, 438 ]
407 silly gunzTarPerm extractEntry test/integration/options.js
408 silly gunzTarPerm modified mode [ 'test/integration/options.js', 436, 438 ]
409 silly gunzTarPerm extractEntry test/integration/pending.js
410 silly gunzTarPerm modified mode [ 'test/integration/pending.js', 436, 438 ]
411 silly gunzTarPerm extractEntry test/integration/regression.js
412 silly gunzTarPerm modified mode [ 'test/integration/regression.js', 436, 438 ]
413 silly gunzTarPerm extractEntry test/integration/timeout.js
414 silly gunzTarPerm modified mode [ 'test/integration/timeout.js', 436, 438 ]
415 silly gunzTarPerm extractEntry test/integration/uncaught.js
416 silly gunzTarPerm modified mode [ 'test/integration/uncaught.js', 436, 438 ]
417 silly gunzTarPerm extractEntry test/jsapi/
418 silly gunzTarPerm modified mode [ 'test/jsapi/', 509, 511 ]
419 silly gunzTarPerm extractEntry test/jsapi/index.js
420 silly gunzTarPerm modified mode [ 'test/jsapi/index.js', 436, 438 ]
421 silly gunzTarPerm extractEntry test/mocha.js
422 silly gunzTarPerm modified mode [ 'test/mocha.js', 436, 438 ]
423 silly gunzTarPerm extractEntry test/mocha.opts
424 silly gunzTarPerm modified mode [ 'test/mocha.opts', 436, 438 ]
425 silly gunzTarPerm extractEntry test/ms.js
426 silly gunzTarPerm modified mode [ 'test/ms.js', 436, 438 ]
427 silly gunzTarPerm extractEntry test/reporters/
428 silly gunzTarPerm modified mode [ 'test/reporters/', 509, 511 ]
429 silly gunzTarPerm extractEntry test/reporters/base.js
430 silly gunzTarPerm modified mode [ 'test/reporters/base.js', 436, 438 ]
431 silly gunzTarPerm extractEntry test/reporters/json.js
432 silly gunzTarPerm modified mode [ 'test/reporters/json.js', 436, 438 ]
433 silly gunzTarPerm extractEntry test/reporters/nyan.js
434 silly gunzTarPerm modified mode [ 'test/reporters/nyan.js', 436, 438 ]
435 silly gunzTarPerm extractEntry test/runnable.js
436 silly gunzTarPerm modified mode [ 'test/runnable.js', 436, 438 ]
437 silly gunzTarPerm extractEntry test/runner.js
438 silly gunzTarPerm modified mode [ 'test/runner.js', 436, 438 ]
439 silly gunzTarPerm extractEntry test/suite.js
440 silly gunzTarPerm modified mode [ 'test/suite.js', 436, 438 ]
441 silly gunzTarPerm extractEntry test/utils.js
442 silly gunzTarPerm modified mode [ 'test/utils.js', 436, 438 ]
443 verbose stack Error: Failed to parse json
443 verbose stack Unexpected token }
443 verbose stack     at parseError (c:\Program Files\nodejs\node_modules\npm\node_modules\read-package-json\read-json.js:378:25)
443 verbose stack     at parseJson (c:\Program Files\nodejs\node_modules\npm\node_modules\read-package-json\read-json.js:85:51)
443 verbose stack     at c:\Program Files\nodejs\node_modules\npm\node_modules\read-package-json\read-json.js:59:33
443 verbose stack     at evalmachine.<anonymous>:271:14
443 verbose stack     at c:\Program Files\nodejs\node_modules\npm\node_modules\graceful-fs\graceful-fs.js:102:5
443 verbose stack     at Object.oncomplete (evalmachine.<anonymous>:107:15)
444 verbose cwd c:\tmp\mocha
445 error Windows_NT 6.2.9200
446 error argv "c:\\Program Files\\nodejs\\node.exe" "c:\\Program Files\\nodejs\\node_modules\\npm\\bin\\npm-cli.js" "i" "-g" "git+ssh://git@github.com:mingvase/mocha.git"
447 error node v0.10.32
448 error npm  v2.1.6
449 error file C:\Users\JGREEN~1\AppData\Local\Temp\npm-3904-7f9e84a6\unpack-ec0d91d8a7f0\package.json
450 error code EJSONPARSE
451 error Failed to parse json
451 error Unexpected token }
452 error File: C:\Users\JGREEN~1\AppData\Local\Temp\npm-3904-7f9e84a6\unpack-ec0d91d8a7f0\package.json
453 error Failed to parse package.json data.
453 error package.json must be actual JSON, not just JavaScript.
453 error
453 error This is not a bug in npm.
453 error Tell the package author to fix their package.json file. JSON.parse
454 verbose exit [ 1, true ]
